<?xml version="1.0" encoding="UTF-8"?>
<!-- Generated by org.testng.reporters.JUnitReportReporter -->
<testsuite name="com.course.cases.AddUserTest" tests="1" time="2.639" ignored="0" failures="0" timestamp="07 九月 2020 15:40:10 GMT" skipped="0" hostname="DESKTOP-DAIMJNK" errors="0">
  <testcase name="addUser" time="2.639" classname="com.course.cases.AddUserTest"/>
</testsuite> <!-- com.course.cases.AddUserTest -->
