<?xml version="1.0" encoding="UTF-8"?>
<!-- Generated by org.testng.reporters.JUnitReportReporter -->
<testsuite name="com.course.cases.UpdateUserInfoTest" tests="2" time="4.123" ignored="0" failures="0" timestamp="07 九月 2020 15:40:10 GMT" skipped="0" hostname="DESKTOP-DAIMJNK" errors="0">
  <testcase name="deleteUser" time="2.033" classname="com.course.cases.UpdateUserInfoTest"/>
  <testcase name="updateUserInfo" time="2.090" classname="com.course.cases.UpdateUserInfoTest"/>
</testsuite> <!-- com.course.cases.UpdateUserInfoTest -->
