<?xml version="1.0" encoding="UTF-8"?>
<!-- Generated by org.testng.reporters.JUnitReportReporter -->
<testsuite name="com.course.cases.LoginTest" tests="2" time="1.190" ignored="0" failures="0" timestamp="07 九月 2020 15:40:10 GMT" skipped="0" hostname="DESKTOP-DAIMJNK" errors="0">
  <testcase name="LoginFalse" time="0.041" classname="com.course.cases.LoginTest"/>
  <testcase name="LoginTrue" time="1.149" classname="com.course.cases.LoginTest"/>
</testsuite> <!-- com.course.cases.LoginTest -->
